<?xml version="1.0" encoding="UTF-8"?>
<!-- Generated by org.testng.reporters.JUnitXMLReporter -->
<testsuite hostname="DESKTOP-DL8U1DL" ignored="0" name="Free CRM App Test Cases" tests="10" failures="0" timestamp="16 Feb 2018 07:09:22 GMT" time="199.619" errors="0">
  <testcase name="fillform" time="4.409" classname="com.crm.qa.testcases.ContactsPageTest"/>
  <testcase name="fillform" time="3.501" classname="com.crm.qa.testcases.ContactsPageTest"/>
  <testcase name="fillform" time="3.663" classname="com.crm.qa.testcases.ContactsPageTest"/>
  <testcase name="loginPageTitleTest" time="0.016" classname="com.crm.qa.testcases.LoginPageTest"/>
  <testcase name="verifyTitleTest" time="0.007" classname="com.crm.qa.testcases.HomePageTest"/>
  <testcase name="logoTest" time="0.056" classname="com.crm.qa.testcases.LoginPageTest"/>
  <testcase name="contactsLinkTest" time="1.459" classname="com.crm.qa.testcases.HomePageTest"/>
  <testcase name="Login" time="9.833" classname="com.crm.qa.testcases.LoginPageTest"/>
  <testcase name="dealsLinkTest" time="1.362" classname="com.crm.qa.testcases.HomePageTest"/>
  <testcase name="tasksLinkTest" time="1.446" classname="com.crm.qa.testcases.HomePageTest"/>
</testsuite> <!-- Free CRM App Test Cases -->
