<?xml version="1.0" encoding="UTF-8"?>
<!-- Generated by org.testng.reporters.JUnitXMLReporter -->
<testsuite hostname="DESKTOP-DL8U1DL" ignored="0" name="Default test" tests="3" failures="0" timestamp="19 Feb 2018 13:28:38 GMT" time="43.332" errors="0">
  <testcase name="loginPageTitleTest" time="0.032" classname="com.crm.qa.testcases.LoginPageTest"/>
  <testcase name="logoTest" time="0.06" classname="com.crm.qa.testcases.LoginPageTest"/>
  <testcase name="Login" time="16.973" classname="com.crm.qa.testcases.LoginPageTest"/>
</testsuite> <!-- Default test -->
