<?xml version="1.0" encoding="UTF-8"?>
<testng-results skipped="0" failed="0" ignored="0" total="3" passed="3">
  <reporter-output>
  </reporter-output>
  <suite name="Default suite" duration-ms="43332" started-at="2018-02-19T13:27:55Z" finished-at="2018-02-19T13:28:38Z">
    <groups>
    </groups>
    <test name="Default test" duration-ms="43332" started-at="2018-02-19T13:27:55Z" finished-at="2018-02-19T13:28:38Z">
      <class name="com.crm.qa.testcases.LoginPageTest">
        <test-method status="PASS" signature="setUp()[pri:0, instance:com.crm.qa.testcases.LoginPageTest@319b92f3]" name="setUp" is-config="true" duration-ms="8235" started-at="2018-02-19T13:27:55Z" finished-at="2018-02-19T13:28:03Z">
          <reporter-output>
          </reporter-output>
        </test-method> <!-- setUp -->
        <test-method status="PASS" signature="loginPageTitleTest()[pri:1, instance:com.crm.qa.testcases.LoginPageTest@319b92f3]" name="loginPageTitleTest" duration-ms="32" started-at="2018-02-19T13:28:03Z" finished-at="2018-02-19T13:28:03Z">
          <reporter-output>
          </reporter-output>
        </test-method> <!-- loginPageTitleTest -->
        <test-method status="PASS" signature="tearDown()[pri:0, instance:com.crm.qa.testcases.LoginPageTest@319b92f3]" name="tearDown" is-config="true" duration-ms="732" started-at="2018-02-19T13:28:03Z" finished-at="2018-02-19T13:28:04Z">
          <reporter-output>
          </reporter-output>
        </test-method> <!-- tearDown -->
        <test-method status="PASS" signature="setUp()[pri:0, instance:com.crm.qa.testcases.LoginPageTest@319b92f3]" name="setUp" is-config="true" duration-ms="7912" started-at="2018-02-19T13:28:04Z" finished-at="2018-02-19T13:28:12Z">
          <reporter-output>
          </reporter-output>
        </test-method> <!-- setUp -->
        <test-method status="PASS" signature="logoTest()[pri:2, instance:com.crm.qa.testcases.LoginPageTest@319b92f3]" name="logoTest" duration-ms="60" started-at="2018-02-19T13:28:12Z" finished-at="2018-02-19T13:28:12Z">
          <reporter-output>
          </reporter-output>
        </test-method> <!-- logoTest -->
        <test-method status="PASS" signature="tearDown()[pri:0, instance:com.crm.qa.testcases.LoginPageTest@319b92f3]" name="tearDown" is-config="true" duration-ms="705" started-at="2018-02-19T13:28:12Z" finished-at="2018-02-19T13:28:12Z">
          <reporter-output>
          </reporter-output>
        </test-method> <!-- tearDown -->
        <test-method status="PASS" signature="setUp()[pri:0, instance:com.crm.qa.testcases.LoginPageTest@319b92f3]" name="setUp" is-config="true" duration-ms="7819" started-at="2018-02-19T13:28:12Z" finished-at="2018-02-19T13:28:20Z">
          <reporter-output>
          </reporter-output>
        </test-method> <!-- setUp -->
        <test-method status="PASS" signature="Login()[pri:3, instance:com.crm.qa.testcases.LoginPageTest@319b92f3]" name="Login" duration-ms="16973" started-at="2018-02-19T13:28:20Z" finished-at="2018-02-19T13:28:37Z">
          <reporter-output>
          </reporter-output>
        </test-method> <!-- Login -->
        <test-method status="PASS" signature="tearDown()[pri:0, instance:com.crm.qa.testcases.LoginPageTest@319b92f3]" name="tearDown" is-config="true" duration-ms="804" started-at="2018-02-19T13:28:37Z" finished-at="2018-02-19T13:28:38Z">
          <reporter-output>
          </reporter-output>
        </test-method> <!-- tearDown -->
      </class> <!-- com.crm.qa.testcases.LoginPageTest -->
    </test> <!-- Default test -->
  </suite> <!-- Default suite -->
</testng-results>
